[2023-09-26 23:56:26,247][INFO] start training!
[2023-09-27 00:13:10,928][INFO] 	 epoch:0 Loss:	3321.448
[2023-09-27 00:13:30,365][INFO] Test Epoch:0 hit:30.040421965887802 mrr:11.647457636141628
[2023-09-27 00:13:31,144][INFO] Best Result:
[2023-09-27 00:13:31,144][INFO] 	Recall@20:	30.0404	MMR@20:	11.6475	Epoch:	0,	0
[2023-09-27 00:30:12,219][INFO] 	 epoch:1 Loss:	2092.211
[2023-09-27 00:30:31,684][INFO] Test Epoch:1 hit:47.403792434848334 mrr:15.963583297402216
[2023-09-27 00:30:32,468][INFO] Best Result:
[2023-09-27 00:30:32,468][INFO] 	Recall@20:	47.4038	MMR@20:	15.9636	Epoch:	1,	1
[2023-09-27 00:47:08,921][INFO] 	 epoch:2 Loss:	1693.786
[2023-09-27 00:47:28,265][INFO] Test Epoch:2 hit:50.603043149627005 mrr:17.79339021661313
[2023-09-27 00:47:29,055][INFO] Best Result:
[2023-09-27 00:47:29,055][INFO] 	Recall@20:	50.6030	MMR@20:	17.7934	Epoch:	2,	2
[2023-09-27 01:19:17,849][INFO] 	 epoch:3 Loss:	1647.022
[2023-09-27 01:19:45,073][INFO] Test Epoch:3 hit:51.00726280850505 mrr:17.946257843077174
[2023-09-27 01:19:45,850][INFO] Best Result:
[2023-09-27 01:19:45,850][INFO] 	Recall@20:	51.0073	MMR@20:	17.9463	Epoch:	3,	3
[2023-09-27 01:48:07,762][INFO] 	 epoch:4 Loss:	1625.779
[2023-09-27 01:48:32,737][INFO] Test Epoch:4 hit:51.306319629301 mrr:18.07924795339498
[2023-09-27 01:48:33,470][INFO] Best Result:
[2023-09-27 01:48:33,471][INFO] 	Recall@20:	51.3063	MMR@20:	18.0792	Epoch:	4,	4
[2023-09-27 02:16:49,271][INFO] 	 epoch:5 Loss:	1596.065
[2023-09-27 02:17:14,308][INFO] Test Epoch:5 hit:51.3769759111374 mrr:18.122660220529312
[2023-09-27 02:17:15,040][INFO] Best Result:
[2023-09-27 02:17:15,041][INFO] 	Recall@20:	51.3770	MMR@20:	18.1227	Epoch:	5,	5
[2023-09-27 02:45:29,800][INFO] 	 epoch:6 Loss:	1593.887
[2023-09-27 02:45:54,648][INFO] Test Epoch:6 hit:51.38519175786257 mrr:18.14394197052257
[2023-09-27 02:45:55,379][INFO] Best Result:
[2023-09-27 02:45:55,379][INFO] 	Recall@20:	51.3852	MMR@20:	18.1439	Epoch:	6,	6
[2023-09-27 03:14:15,570][INFO] 	 epoch:7 Loss:	1591.850
[2023-09-27 03:14:40,749][INFO] Test Epoch:7 hit:51.468993394459225 mrr:18.14517818338149
[2023-09-27 03:14:41,498][INFO] Best Result:
[2023-09-27 03:14:41,498][INFO] 	Recall@20:	51.4690	MMR@20:	18.1452	Epoch:	7,	7
[2023-09-27 03:42:53,443][INFO] 	 epoch:8 Loss:	1588.653
[2023-09-27 03:43:18,481][INFO] Test Epoch:8 hit:51.480495579874464 mrr:18.141622810366357
[2023-09-27 03:43:19,179][INFO] Best Result:
[2023-09-27 03:43:19,179][INFO] 	Recall@20:	51.4805	MMR@20:	18.1452	Epoch:	8,	7
[2023-09-27 04:11:48,371][INFO] 	 epoch:9 Loss:	1588.355
[2023-09-27 04:12:13,202][INFO] Test Epoch:9 hit:51.496927273324786 mrr:18.147311923201762
[2023-09-27 04:12:13,930][INFO] Best Result:
[2023-09-27 04:12:13,930][INFO] 	Recall@20:	51.4969	MMR@20:	18.1473	Epoch:	9,	9
[2023-09-27 04:40:26,112][INFO] 	 epoch:10 Loss:	1588.315
[2023-09-27 04:40:50,915][INFO] Test Epoch:10 hit:51.50021361201485 mrr:18.14781450254423
[2023-09-27 04:40:51,666][INFO] Best Result:
[2023-09-27 04:40:51,667][INFO] 	Recall@20:	51.5002	MMR@20:	18.1478	Epoch:	10,	10
[2023-09-27 05:09:10,483][INFO] 	 epoch:11 Loss:	1587.978
[2023-09-27 05:09:35,268][INFO] Test Epoch:11 hit:51.50678628939499 mrr:18.14749606076587
[2023-09-27 05:09:35,951][INFO] Best Result:
[2023-09-27 05:09:35,951][INFO] 	Recall@20:	51.5068	MMR@20:	18.1478	Epoch:	11,	10
[2023-09-27 05:38:02,890][INFO] 	 epoch:12 Loss:	1588.089
[2023-09-27 05:38:27,743][INFO] Test Epoch:12 hit:51.50349995070492 mrr:18.148735492927933
[2023-09-27 05:38:28,408][INFO] Best Result:
[2023-09-27 05:38:28,408][INFO] 	Recall@20:	51.5068	MMR@20:	18.1487	Epoch:	11,	12
[2023-09-27 06:06:47,201][INFO] 	 epoch:13 Loss:	1587.676
[2023-09-27 06:07:12,020][INFO] Test Epoch:13 hit:51.50349995070492 mrr:18.14651319571709
[2023-09-27 06:07:12,638][INFO] Best Result:
[2023-09-27 06:07:12,638][INFO] 	Recall@20:	51.5068	MMR@20:	18.1487	Epoch:	11,	12
[2023-09-27 06:35:28,101][INFO] 	 epoch:14 Loss:	1587.798
[2023-09-27 06:35:52,992][INFO] Test Epoch:14 hit:51.50349995070492 mrr:18.14835536457271
[2023-09-27 06:35:53,588][INFO] Best Result:
[2023-09-27 06:35:53,589][INFO] 	Recall@20:	51.5068	MMR@20:	18.1487	Epoch:	11,	12
[2023-09-27 07:04:05,912][INFO] 	 epoch:15 Loss:	1587.836
[2023-09-27 07:04:30,704][INFO] Test Epoch:15 hit:51.50514312004996 mrr:18.150179639222245
[2023-09-27 07:04:31,400][INFO] Best Result:
[2023-09-27 07:04:31,400][INFO] 	Recall@20:	51.5068	MMR@20:	18.1502	Epoch:	11,	15
[2023-09-27 07:32:44,051][INFO] 	 epoch:16 Loss:	1587.917
[2023-09-27 07:33:08,882][INFO] Test Epoch:16 hit:51.51007262808505 mrr:18.150054366982594
[2023-09-27 07:33:09,548][INFO] Best Result:
[2023-09-27 07:33:09,548][INFO] 	Recall@20:	51.5101	MMR@20:	18.1502	Epoch:	16,	15
[2023-09-27 08:01:22,198][INFO] 	 epoch:17 Loss:	1587.968
[2023-09-27 08:01:47,096][INFO] Test Epoch:17 hit:51.50842945874001 mrr:18.149911314002466
[2023-09-27 08:01:47,706][INFO] Best Result:
[2023-09-27 08:01:47,706][INFO] 	Recall@20:	51.5101	MMR@20:	18.1502	Epoch:	16,	15
[2023-09-27 08:30:05,762][INFO] 	 epoch:18 Loss:	1587.927
[2023-09-27 08:30:30,609][INFO] Test Epoch:18 hit:51.50842945874001 mrr:18.14988979630866
[2023-09-27 08:30:31,199][INFO] Best Result:
[2023-09-27 08:30:31,200][INFO] 	Recall@20:	51.5101	MMR@20:	18.1502	Epoch:	16,	15
[2023-09-27 08:58:50,434][INFO] 	 epoch:19 Loss:	1587.946
[2023-09-27 08:59:15,270][INFO] Test Epoch:19 hit:51.50842945874001 mrr:18.149643101097748
[2023-09-27 08:59:15,912][INFO] Best Result:
[2023-09-27 08:59:15,912][INFO] 	Recall@20:	51.5101	MMR@20:	18.1502	Epoch:	16,	15
[2023-09-27 09:27:49,678][INFO] 	 epoch:20 Loss:	1587.904
[2023-09-27 09:28:14,638][INFO] Test Epoch:20 hit:51.50842945874001 mrr:18.149643101097748
[2023-09-27 09:28:15,239][INFO] Best Result:
[2023-09-27 09:28:15,240][INFO] 	Recall@20:	51.5101	MMR@20:	18.1502	Epoch:	16,	15
[2023-09-27 09:56:36,518][INFO] 	 epoch:21 Loss:	1587.880
[2023-09-27 09:57:01,303][INFO] Test Epoch:21 hit:51.50842945874001 mrr:18.149643101097748
[2023-09-27 09:57:01,896][INFO] Best Result:
[2023-09-27 09:57:01,896][INFO] 	Recall@20:	51.5101	MMR@20:	18.1502	Epoch:	16,	15
[2023-09-27 10:25:10,572][INFO] 	 epoch:22 Loss:	1587.821
[2023-09-27 10:25:35,307][INFO] Test Epoch:22 hit:51.50842945874001 mrr:18.149643101097748
[2023-09-27 10:25:35,912][INFO] Best Result:
[2023-09-27 10:25:35,912][INFO] 	Recall@20:	51.5101	MMR@20:	18.1502	Epoch:	16,	15
